<?xml version="1.0" encoding="UTF-8"?>
<!-- Generated by org.testng.reporters.JUnitReportReporter -->
<testsuite hostname="DESKTOP-3D6O28J" failures="0" tests="3" name="selenium_java.TC001" time="161.716" errors="0" timestamp="2025-08-19T11:18:08 IST" skipped="0">
  <testcase classname="selenium_java.TC001" name="test2" time="105.832"/>
  <testcase classname="selenium_java.TC001" name="test3" time="3.424"/>
  <testcase classname="selenium_java.TC001" name="test1" time="52.460"/>
</testsuite> <!-- selenium_java.TC001 -->
